INFO 2025-01-16 04:18:39,763 kevm_pyk.summarizer - Number of opcodes: 84
INFO 2025-01-16 04:18:39,763 kevm_pyk.summarizer - Number of passed opcodes: 57
INFO 2025-01-16 04:18:39,763 kevm_pyk.summarizer - Number of todo opcodes: 27
INFO 2025-01-16 04:18:39,763 kevm_pyk.summarizer - Todo opcodes: ['EXTCODESIZE', 'RETURNDATASIZE', 'EXTCODEHASH', 'COINBASE', 'SELFBALANCE', 'POP', 'MLOAD', 'MSTORE8', 'SLOAD', 'SSTORE', 'JUMP', 'JUMPI', 'MSIZE', 'TLOAD', 'TSTORE', 'PUSH', 'LOG', 'CREATE', 'CALL', 'CALLCODE', 'RETURN', 'DELEGATECALL', 'CREATE2', 'STATICCALL', 'REVERT', 'INVALID', 'SELFDESTRUCT']
INFO 2025-01-16 04:18:39,763 kevm_pyk.__main__ - summarizing ['EXTCODESIZE', 'RETURNDATASIZE', 'EXTCODEHASH', 'COINBASE', 'SELFBALANCE', 'POP', 'MLOAD', 'MSTORE8', 'SLOAD', 'SSTORE', 'JUMP', 'JUMPI', 'MSIZE', 'TLOAD', 'TSTORE', 'PUSH', 'LOG', 'CREATE', 'CALL', 'CALLCODE', 'RETURN', 'DELEGATECALL', 'CREATE2', 'STATICCALL', 'REVERT', 'INVALID', 'SELFDESTRUCT']
INFO 2025-01-16 04:18:39,764 pyk.kast.outer - Loading JSON definition: /home/zhaoji/.cache/kdist-9ffc41e/evm-semantics/haskell/compiled.json
INFO 2025-01-16 04:18:39,890 pyk.kast.outer - Converting JSON definition to Kast: /home/zhaoji/.cache/kdist-9ffc41e/evm-semantics/haskell/compiled.json
INFO 2025-01-16 04:18:40,425 kevm_pyk.summarizer - Setting the type of `USEGAS_CELL` to `false` for EXTCODESIZE
INFO 2025-01-16 04:18:40,426 pyk.kore.rpc - Starting KoreServer: kore-rpc-booster /home/zhaoji/.cache/kdist-9ffc41e/evm-semantics/haskell/definition.kore --module EDSL --server-port 0 --llvm-backend-library /home/zhaoji/.cache/kdist-9ffc41e/evm-semantics/haskell/llvm-library/interpreter.so --interim-simplification 25
INFO 2025-01-16 04:18:40,432 pyk.kore.rpc - [PID=2693316][stde] [proxy] Loading definition from /home/zhaoji/.cache/kdist-9ffc41e/evm-semantics/haskell/definition.kore, main module "EDSL"
INFO 2025-01-16 04:18:41,433 pyk.kore.rpc - [PID=2693316][stde] [kore][info] Reading the input file TimeSpec {sec = 0, nsec = 25626608}
INFO 2025-01-16 04:18:42,434 pyk.kore.rpc - [PID=2693316][stde] [kore][info] Parsing the file TimeSpec {sec = 0, nsec = 120}
INFO 2025-01-16 04:18:43,436 pyk.kore.rpc - [PID=2693316][stde] [kore][info] Verifying the definition TimeSpec {sec = 0, nsec = 240}
INFO 2025-01-16 04:18:44,437 pyk.kore.rpc - [PID=2693316][stde] [kore][info] Executing TimeSpec {sec = 0, nsec = 727601399}
INFO 2025-01-16 04:18:44,437 pyk.kore.rpc - [PID=2693316][stde] [kore][info] Reading the input file TimeSpec {sec = 0, nsec = 27818768}
INFO 2025-01-16 04:18:44,437 pyk.kore.rpc - [PID=2693316][stde] [kore][info] Parsing the file TimeSpec {sec = 0, nsec = 131}
INFO 2025-01-16 04:18:45,391 pyk.kore.rpc - KoreServer started: 0.0.0.0:39399, pid=2693316
INFO 2025-01-16 04:18:45,391 pyk.kore.rpc - Connecting to host: localhost:39399
INFO 2025-01-16 04:18:45,391 pyk.kore.rpc - Connected to host: localhost:39399
INFO 2025-01-16 04:18:45,392 kevm_pyk.utils - Computing definedness constraint for initial node: EXTCODESIZE_1_SPEC
INFO 2025-01-16 04:18:45,406 pyk.kore.rpc - Sending request to localhost:39399: 140471599888976-001 - simplify
INFO 2025-01-16 04:18:45,438 pyk.kore.rpc - [PID=2693316][stde] [proxy] Processing request 140471599888976-001
INFO 2025-01-16 04:18:45,438 pyk.kore.rpc - [PID=2693316][stde] [kore][info] Verifying the definition TimeSpec {sec = 0, nsec = 230}
INFO 2025-01-16 04:18:45,438 pyk.kore.rpc - [PID=2693316][stde] [proxy] Starting RPC server
INFO 2025-01-16 04:18:45,968 pyk.kore.rpc - Received response from localhost:39399: 140471599888976-001 - simplify
INFO 2025-01-16 04:18:45,974 pyk.kore.rpc - Sending request to localhost:39399: 140471599888976-002 - simplify
INFO 2025-01-16 04:18:46,439 pyk.kore.rpc - [PID=2693316][stde] [proxy] Processing request 140471599888976-002
INFO 2025-01-16 04:18:46,602 pyk.kore.rpc - Received response from localhost:39399: 140471599888976-002 - simplify
INFO 2025-01-16 04:18:46,603 kevm_pyk.utils - Simplifying initial and target node: EXTCODESIZE_1_SPEC
INFO 2025-01-16 04:18:46,612 pyk.kore.rpc - Sending request to localhost:39399: 140471599888976-003 - simplify
INFO 2025-01-16 04:18:47,190 pyk.kore.rpc - Received response from localhost:39399: 140471599888976-003 - simplify
INFO 2025-01-16 04:18:47,196 pyk.kore.rpc - Sending request to localhost:39399: 140471599888976-004 - simplify
INFO 2025-01-16 04:18:47,440 pyk.kore.rpc - [PID=2693316][stde] [proxy] Processing request 140471599888976-003
INFO 2025-01-16 04:18:47,440 pyk.kore.rpc - [PID=2693316][stde] [proxy] Processing request 140471599888976-004
INFO 2025-01-16 04:18:47,778 pyk.kore.rpc - Received response from localhost:39399: 140471599888976-004 - simplify
INFO 2025-01-16 04:18:47,784 pyk.proof.reachability - Wrote proof data for EXTCODESIZE_1_SPEC: /home/zhaoji/evm-semantics/kevm-pyk/src/kevm_pyk/proofs/EXTCODESIZE_1_SPEC/proof.json
INFO 2025-01-16 04:18:47,786 pyk.kore.rpc - Connecting to host: localhost:39399
INFO 2025-01-16 04:18:47,786 pyk.kore.rpc - Connected to host: localhost:39399
INFO 2025-01-16 04:18:47,786 pyk.proof.proof - [ZJH] prover type: <class 'pyk.proof.reachability.APRProver'>
INFO 2025-01-16 04:18:47,786 pyk.proof.reachability - [ZJH] init proof
INFO 2025-01-16 04:18:47,793 pyk.kore.rpc - Sending request to localhost:39399: 140471600236688-001 - add-module
INFO 2025-01-16 04:18:48,441 pyk.kore.rpc - [PID=2693316][stde] [proxy] Processing request 140471600236688-001
INFO 2025-01-16 04:18:48,613 pyk.kore.rpc - Received response from localhost:39399: 140471600236688-001 - add-module
INFO 2025-01-16 04:18:48,641 pyk.kore.rpc - Sending request to localhost:39399: 140471600236688-002 - add-module
INFO 2025-01-16 04:18:49,450 pyk.kore.rpc - [PID=2693316][stde] [proxy] Processing request 140471600236688-002
INFO 2025-01-16 04:18:49,517 pyk.kore.rpc - Received response from localhost:39399: 140471600236688-002 - add-module
INFO 2025-01-16 04:18:49,517 pyk.proof.reachability - [ZJH] pending: [1]
INFO 2025-01-16 04:18:49,517 pyk.proof.reachability - [ZJH] node_id: 1
INFO 2025-01-16 04:18:49,517 pyk.proof.reachability - [ZJH] is_terminal: False
INFO 2025-01-16 04:18:49,517 pyk.proof.reachability - [ZJH] node_id: 2
INFO 2025-01-16 04:18:49,518 pyk.proof.reachability - [ZJH] is_terminal: False
INFO 2025-01-16 04:18:49,518 pyk.proof.reachability - [ZJH] pending: [1]
INFO 2025-01-16 04:18:49,518 pyk.proof.proof - [ZJH] proof initialized
INFO 2025-01-16 04:18:49,518 pyk.proof.proof - [ZJH] pending: [1]
INFO 2025-01-16 04:18:49,518 pyk.proof.reachability - Before appending step: 1
INFO 2025-01-16 04:18:49,518 pyk.kore.rpc - Connecting to host: localhost:39399
INFO 2025-01-16 04:18:49,518 pyk.proof.proof - Submitted steps for proof: EXTCODESIZE_1_SPEC
INFO 2025-01-16 04:18:49,519 pyk.kore.rpc - Connected to host: localhost:39399
INFO 2025-01-16 04:18:49,549 pyk.kore.rpc - Sending request to localhost:39399: 140471598623888-001 - implies
INFO 2025-01-16 04:18:50,235 pyk.kore.rpc - Received response from localhost:39399: 140471598623888-001 - implies
INFO 2025-01-16 04:18:50,242 pyk.kore.rpc - [zjh] [kore-client] log-successful-rewrites: True
INFO 2025-01-16 04:18:50,242 pyk.kore.rpc - [zjh] [kore-client] log-failed-rewrites: True
INFO 2025-01-16 04:18:50,242 pyk.kore.rpc - Sending request to localhost:39399: 140471598623888-002 - execute
INFO 2025-01-16 04:18:50,452 pyk.kore.rpc - [PID=2693316][stde] [proxy] Processing request 140471598623888-001
INFO 2025-01-16 04:18:50,452 pyk.kore.rpc - [PID=2693316][stde] [proxy] Processing request 140471598623888-002
