============================= test session starts ==============================
platform linux -- Python 3.13.3, pytest-9.0.2, pluggy-1.6.0 -- /home/anvacaru/dev/evm-semantics/master/kevm-pyk/.venv/bin/python
cachedir: .pytest_cache
hypothesis profile 'default'
rootdir: /home/anvacaru/dev/evm-semantics/master/kevm-pyk
configfile: pyproject.toml
plugins: kframework-7.1.304, cov-7.0.0, hypothesis-6.148.7, xdist-3.8.0, mock-3.15.1
collecting ... collected 11703 items / 11702 deselected / 1 selected

src/tests/integration/test_execution_spec_tests.py::test_bchain[osaka/eip7918_blob_reserve_price/test_reserve_price_boundary.json] 
-------------------------------- live log call ---------------------------------
INFO     tests.utils:utils.py:91 Running test: /home/anvacaru/dev/evm-semantics/master/tests/execution-spec-tests/fixtures/blockchain_tests/osaka/eip7918_blob_reserve_price/test_reserve_price_boundary.json - tests/osaka/eip7918_blob_reserve_price/test_blob_base_fee.py::test_reserve_price_boundary[fork_Osaka-parent_excess_blobs_0-block_base_fee_per_gas_delta_-1-blockchain_test]
INFO     tests.utils:utils.py:91 Running test: /home/anvacaru/dev/evm-semantics/master/tests/execution-spec-tests/fixtures/blockchain_tests/osaka/eip7918_blob_reserve_price/test_reserve_price_boundary.json - tests/osaka/eip7918_blob_reserve_price/test_blob_base_fee.py::test_reserve_price_boundary[fork_Osaka-parent_excess_blobs_0-block_base_fee_per_gas_delta_-2-blockchain_test]
INFO     tests.utils:utils.py:91 Running test: /home/anvacaru/dev/evm-semantics/master/tests/execution-spec-tests/fixtures/blockchain_tests/osaka/eip7918_blob_reserve_price/test_reserve_price_boundary.json - tests/osaka/eip7918_blob_reserve_price/test_blob_base_fee.py::test_reserve_price_boundary[fork_Osaka-parent_excess_blobs_0-block_base_fee_per_gas_delta_0-blockchain_test]
INFO     tests.utils:utils.py:91 Running test: /home/anvacaru/dev/evm-semantics/master/tests/execution-spec-tests/fixtures/blockchain_tests/osaka/eip7918_blob_reserve_price/test_reserve_price_boundary.json - tests/osaka/eip7918_blob_reserve_price/test_blob_base_fee.py::test_reserve_price_boundary[fork_Osaka-parent_excess_blobs_0-block_base_fee_per_gas_delta_1-blockchain_test]
INFO     tests.utils:utils.py:91 Running test: /home/anvacaru/dev/evm-semantics/master/tests/execution-spec-tests/fixtures/blockchain_tests/osaka/eip7918_blob_reserve_price/test_reserve_price_boundary.json - tests/osaka/eip7918_blob_reserve_price/test_blob_base_fee.py::test_reserve_price_boundary[fork_Osaka-parent_excess_blobs_0-block_base_fee_per_gas_delta_10-blockchain_test]
INFO     tests.utils:utils.py:91 Running test: /home/anvacaru/dev/evm-semantics/master/tests/execution-spec-tests/fixtures/blockchain_tests/osaka/eip7918_blob_reserve_price/test_reserve_price_boundary.json - tests/osaka/eip7918_blob_reserve_price/test_blob_base_fee.py::test_reserve_price_boundary[fork_Osaka-parent_excess_blobs_0-block_base_fee_per_gas_delta_100-blockchain_test]
INFO     tests.utils:utils.py:91 Running test: /home/anvacaru/dev/evm-semantics/master/tests/execution-spec-tests/fixtures/blockchain_tests/osaka/eip7918_blob_reserve_price/test_reserve_price_boundary.json - tests/osaka/eip7918_blob_reserve_price/test_blob_base_fee.py::test_reserve_price_boundary[fork_Osaka-parent_excess_blobs_27-block_base_fee_per_gas_delta_16-blockchain_test]
INFO     tests.utils:utils.py:91 Running test: /home/anvacaru/dev/evm-semantics/master/tests/execution-spec-tests/fixtures/blockchain_tests/osaka/eip7918_blob_reserve_price/test_reserve_price_boundary.json - tests/osaka/eip7918_blob_reserve_price/test_blob_base_fee.py::test_reserve_price_boundary[fork_Osaka-parent_excess_blobs_3-block_base_fee_per_gas_delta_-1-blockchain_test]
INFO     tests.utils:utils.py:91 Running test: /home/anvacaru/dev/evm-semantics/master/tests/execution-spec-tests/fixtures/blockchain_tests/osaka/eip7918_blob_reserve_price/test_reserve_price_boundary.json - tests/osaka/eip7918_blob_reserve_price/test_blob_base_fee.py::test_reserve_price_boundary[fork_Osaka-parent_excess_blobs_3-block_base_fee_per_gas_delta_-2-blockchain_test]
INFO     tests.utils:utils.py:91 Running test: /home/anvacaru/dev/evm-semantics/master/tests/execution-spec-tests/fixtures/blockchain_tests/osaka/eip7918_blob_reserve_price/test_reserve_price_boundary.json - tests/osaka/eip7918_blob_reserve_price/test_blob_base_fee.py::test_reserve_price_boundary[fork_Osaka-parent_excess_blobs_3-block_base_fee_per_gas_delta_0-blockchain_test]
INFO     tests.utils:utils.py:91 Running test: /home/anvacaru/dev/evm-semantics/master/tests/execution-spec-tests/fixtures/blockchain_tests/osaka/eip7918_blob_reserve_price/test_reserve_price_boundary.json - tests/osaka/eip7918_blob_reserve_price/test_blob_base_fee.py::test_reserve_price_boundary[fork_Osaka-parent_excess_blobs_3-block_base_fee_per_gas_delta_1-blockchain_test]
INFO     tests.utils:utils.py:91 Running test: /home/anvacaru/dev/evm-semantics/master/tests/execution-spec-tests/fixtures/blockchain_tests/osaka/eip7918_blob_reserve_price/test_reserve_price_boundary.json - tests/osaka/eip7918_blob_reserve_price/test_blob_base_fee.py::test_reserve_price_boundary[fork_Osaka-parent_excess_blobs_3-block_base_fee_per_gas_delta_10-blockchain_test]
INFO     tests.utils:utils.py:91 Running test: /home/anvacaru/dev/evm-semantics/master/tests/execution-spec-tests/fixtures/blockchain_tests/osaka/eip7918_blob_reserve_price/test_reserve_price_boundary.json - tests/osaka/eip7918_blob_reserve_price/test_blob_base_fee.py::test_reserve_price_boundary[fork_Osaka-parent_excess_blobs_3-block_base_fee_per_gas_delta_100-blockchain_test]
INFO     tests.utils:utils.py:91 Running test: /home/anvacaru/dev/evm-semantics/master/tests/execution-spec-tests/fixtures/blockchain_tests/osaka/eip7918_blob_reserve_price/test_reserve_price_boundary.json - tests/osaka/eip7918_blob_reserve_price/test_blob_base_fee.py::test_reserve_price_boundary[fork_Osaka-parent_excess_blobs_6-block_base_fee_per_gas_delta_-1-blockchain_test]
INFO     tests.utils:utils.py:91 Running test: /home/anvacaru/dev/evm-semantics/master/tests/execution-spec-tests/fixtures/blockchain_tests/osaka/eip7918_blob_reserve_price/test_reserve_price_boundary.json - tests/osaka/eip7918_blob_reserve_price/test_blob_base_fee.py::test_reserve_price_boundary[fork_Osaka-parent_excess_blobs_6-block_base_fee_per_gas_delta_-2-blockchain_test]
INFO     tests.utils:utils.py:91 Running test: /home/anvacaru/dev/evm-semantics/master/tests/execution-spec-tests/fixtures/blockchain_tests/osaka/eip7918_blob_reserve_price/test_reserve_price_boundary.json - tests/osaka/eip7918_blob_reserve_price/test_blob_base_fee.py::test_reserve_price_boundary[fork_Osaka-parent_excess_blobs_6-block_base_fee_per_gas_delta_0-blockchain_test]
INFO     tests.utils:utils.py:91 Running test: /home/anvacaru/dev/evm-semantics/master/tests/execution-spec-tests/fixtures/blockchain_tests/osaka/eip7918_blob_reserve_price/test_reserve_price_boundary.json - tests/osaka/eip7918_blob_reserve_price/test_blob_base_fee.py::test_reserve_price_boundary[fork_Osaka-parent_excess_blobs_9-block_base_fee_per_gas_delta_-1-blockchain_test]
INFO     tests.utils:utils.py:91 Running test: /home/anvacaru/dev/evm-semantics/master/tests/execution-spec-tests/fixtures/blockchain_tests/osaka/eip7918_blob_reserve_price/test_reserve_price_boundary.json - tests/osaka/eip7918_blob_reserve_price/test_blob_base_fee.py::test_reserve_price_boundary[fork_Osaka-parent_excess_blobs_9-block_base_fee_per_gas_delta_-2-blockchain_test]
INFO     tests.utils:utils.py:91 Running test: /home/anvacaru/dev/evm-semantics/master/tests/execution-spec-tests/fixtures/blockchain_tests/osaka/eip7918_blob_reserve_price/test_reserve_price_boundary.json - tests/osaka/eip7918_blob_reserve_price/test_blob_base_fee.py::test_reserve_price_boundary[fork_Osaka-parent_excess_blobs_9-block_base_fee_per_gas_delta_0-blockchain_test]
PASSED

============================== slowest durations ===============================
0.28s call     src/tests/integration/test_execution_spec_tests.py::test_bchain[osaka/eip7918_blob_reserve_price/test_reserve_price_boundary.json]

(2 durations < 0.005s hidden.  Use -vv to show these durations.)
===================== 1 passed, 11702 deselected in 0.99s ======================
